<?xml version="1.0" encoding="UTF-8"?>
<testng-results ignored="0" total="1" passed="1" failed="0" skipped="0">
  <reporter-output>
  </reporter-output>
  <suite started-at="2024-08-12T10:41:58 IST" name="Surefire suite" finished-at="2024-08-12T10:41:59 IST" duration-ms="996">
    <groups>
    </groups>
    <test started-at="2024-08-12T10:41:58 IST" name="Surefire test" finished-at="2024-08-12T10:41:59 IST" duration-ms="996">
      <class name="org.opencart.Zones.APITest">
        <test-method signature="testGetRequest()[pri:0, instance:org.opencart.Zones.APITest@d9345cd]" started-at="2024-08-12T10:41:58 IST" name="testGetRequest" finished-at="2024-08-12T10:41:59 IST" duration-ms="982" status="PASS">
          <reporter-output>
          </reporter-output>
        </test-method> <!-- testGetRequest -->
      </class> <!-- org.opencart.Zones.APITest -->
    </test> <!-- Surefire test -->
  </suite> <!-- Surefire suite -->
</testng-results>
