<?xml version="1.0" encoding="UTF-8"?>
<testsuite xmlns:xsi="http://www.w3.org/2001/XMLSchema-instance" xsi:noNamespaceSchemaLocation="https://maven.apache.org/surefire/maven-surefire-plugin/xsd/surefire-test-report-3.0.xsd" version="3.0" name="org.opencart.Zones.GitlabEvents" time="15.29" tests="1" errors="0" skipped="0" failures="0">
  <properties>
[...]
</properties>
  <testcase name="testEventDates" classname="org.opencart.Zones.GitlabEvents" time="1.653">
    <system-out><![CDATA[Property gitlab.events.url: https://about.gitlab.com/events/
Event Name: Mastering Source Code Management (SCM), Date: 2024-10-09
Event Name: GitLab Hackathon, Date: 2024-08-26
Event Name: GitLab Hackathon, Date: 2024-09-01
Event Name: CISO Brisbane, Date: 2024-08-27
Event Name: GitLab CI Workshop, Date: 2024-08-28
Event Name: Simplifying the Security Vulnerability Lifecycle, Date: 2024-08-29
Event Name: Integrating Custom Security Solutions with GitLab, Date: 2024-08-29
Event Name: Security + Compliance Workshop, Date: 2024-09-17
Event Name: DevOpsDays Tampa, Date: 2024-09-19
Event Name: GitLab DACH Roadshow Stop Duesseldorf, Date: 2024-09-24
Event Name: Streamline CI/CD Pipeline Creation with GitLab's CI/CD Catalog, Date: 2024-09-24
Event Name: Thought Leadership Webcast: Essential DevOps Security Best Practices, Date: 2024-09-26
Event Name: DevOps Summit Singapore, Date: 2024-09-26
Event Name: Open Source in Finance Forum - New York, Date: 2024-09-30
Event Name: Open Source in Finance Forum - New York, Date: 2024-10-01
Event Name: Public Sector Day Singapore, Date: 2024-10-03
Event Name: Modern DevOps Day Melbourne, Date: 2024-10-08
Event Name: Cloud Expo Asia, Date: 2024-10-09
Event Name: Cloud Expo Asia, Date: 2024-10-10
Event Name: GitLab DACH Roadshow Stop Zurich, Date: 2024-10-22
Event Name: DevOps Summit Sydney, Date: 2024-10-24
Event Name: All Things Open - Raleigh, Date: 2024-10-27
Event Name: All Things Open - Raleigh, Date: 2024-10-29
Event Name: Boston Cybersecurity Summit, Date: 2024-10-29
Event Name: GitLab DACH Roadshow Stop Berlin, Date: 2024-10-29
Event Name: KubeCon + CloudNativeCon North America 2024, Date: 2024-11-12
Event Name: KubeCon + CloudNativeCon North America 2024, Date: 2024-11-15
Event Name: GBI CIO Flagship Conference - San Francisco, Date: 2024-12-04
]]></system-out>
  </testcase>
</testsuite>