<?xml version="1.0" encoding="UTF-8"?>
<testng-results ignored="0" total="1" passed="1" failed="0" skipped="0">
  <reporter-output>
  </reporter-output>
  <suite started-at="2024-08-20T11:12:48 IST" name="Surefire suite" finished-at="2024-08-20T11:12:58 IST" duration-ms="9822">
    <groups>
    </groups>
    <test started-at="2024-08-20T11:12:48 IST" name="Surefire test" finished-at="2024-08-20T11:12:58 IST" duration-ms="9822">
      <class name="org.opencart.Zones.SeleniumHQ">
        <test-method is-config="true" signature="setUp()[pri:0, instance:org.opencart.Zones.SeleniumHQ@6e9175d8]" started-at="2024-08-20T11:12:48 IST" name="setUp" finished-at="2024-08-20T11:12:52 IST" duration-ms="4576" status="PASS">
          <reporter-output>
          </reporter-output>
        </test-method> <!-- setUp -->
        <test-method signature="testPullRequestTitles()[pri:0, instance:org.opencart.Zones.SeleniumHQ@6e9175d8]" started-at="2024-08-20T11:12:52 IST" name="testPullRequestTitles" finished-at="2024-08-20T11:12:57 IST" duration-ms="4519" status="PASS">
          <reporter-output>
          </reporter-output>
        </test-method> <!-- testPullRequestTitles -->
        <test-method is-config="true" signature="tearDown()[pri:0, instance:org.opencart.Zones.SeleniumHQ@6e9175d8]" started-at="2024-08-20T11:12:57 IST" name="tearDown" finished-at="2024-08-20T11:12:58 IST" duration-ms="703" status="PASS">
          <reporter-output>
          </reporter-output>
        </test-method> <!-- tearDown -->
      </class> <!-- org.opencart.Zones.SeleniumHQ -->
    </test> <!-- Surefire test -->
  </suite> <!-- Surefire suite -->
</testng-results>
