<?xml version="1.0" encoding="UTF-8"?>
<testsuite xmlns:xsi="http://www.w3.org/2001/XMLSchema-instance" xsi:noNamespaceSchemaLocation="https://maven.apache.org/surefire/maven-surefire-plugin/xsd/surefire-test-report-3.0.xsd" version="3.0" name="org.opencart.Zones.SeleniumHQ" time="15.088" tests="1" errors="0" skipped="0" failures="0">
  <properties>
[...]
</properties>
  <testcase name="testPullRequestTitles" classname="org.opencart.Zones.SeleniumHQ" time="4.527">
    <system-out><![CDATA[11:12:48.360 [main] DEBUG io.github.bonigarcia.wdm.WebDriverManager -- Using WebDriverManager 5.7.0
11:12:48.614 [main] DEBUG io.github.bonigarcia.wdm.cache.ResolutionCache -- Resolution firefox=129 in cache (valid until 11:57:10 20/08/2024 IST)
11:12:48.615 [main] DEBUG io.github.bonigarcia.wdm.cache.ResolutionCache -- Resolution firefox129=0.35.0 in cache (valid until 10:57:10 21/08/2024 IST)
11:12:48.615 [main] INFO io.github.bonigarcia.wdm.WebDriverManager -- Using geckodriver 0.35.0 (resolved driver for Firefox 129)
11:12:48.631 [main] DEBUG io.github.bonigarcia.wdm.WebDriverManager -- Driver geckodriver 0.35.0 found in cache
11:12:48.631 [main] INFO io.github.bonigarcia.wdm.WebDriverManager -- Exporting webdriver.gecko.driver as /Users/testvagrant/.cache/selenium/geckodriver/mac-arm64/0.35.0/geckodriver
Property github.selenium.url: https://github.com/SeleniumHQ/selenium
Property screenshot.path: /Users/testvagrant/Zones/target/maven-archiver/Screenshots
Screenshot saved to: /Users/testvagrant/Zones/target/maven-archiver/Screenshots/initial_page.png
Pull request titles on page 1:
[dotnet][rb][java][js][py] Automated Browser Version Update
[grid] limit the number of websocket connections per session
[grid] enable the httpclient to perform async requests #14403
[java] JSpecify annotations for capabilities
[java] JSpecify annotations for wrappers
[java] JSpecify annotations for immutable models and enums
[bidi][js] Allow passing in uri for authentication handlers
chore(deps): update dependency mocha to v10.7.3
[rust] Selenium Manager errors when browser-path is wrong (#13352)
[ci] Use a tag to figure out what we might want to release
[py] Support move_to_location on action_chains
[java] JSpecify annotations for By locators
New Expected Condition elements_not_overlapping
Fixed bug #13642 related to relative locators
[bidi][java] Add execute script high-level API
[dotnet] BiDi implementation
[py] moved project metadata from setup.py to pyproject.toml
[py] Getting rid of MANIFEST.in file by moving non-default file info to pyproject.toml
Update remote_connection.py to allow proxy_url argument
[py] fix incompatible types in url_to_be() function
Add ENV variables for path
[py] fixed a bug in bidi/session.py by removing mutable object as default value for function argument.
Add timeout and tests for curb, also added the gem curb that was not part of selenium
[rb] create user-friendly method for enabling bidi
[py] Typing package import enhancement
Property screenshot.path: /Users/testvagrant/Zones/target/maven-archiver/Screenshots
Screenshot saved to: /Users/testvagrant/Zones/target/maven-archiver/Screenshots/page_1.png
Pull request titles on page 2:
[py] fix docs to use build instead of update in python
[py] Feature 12760 for python service properties
[py] moved isort, black and docformatter settings from tox.ini file to pyproject.toml
[py] moved flake8 and pytest config settings from setup.cfg to pyproject.toml
[py] moved all pytest configuration settings from pytest.ini file to pyproject.toml
[py] moved mypy settings from mypy.ini to pyproject.toml
[dotnet] ability to create tests using mocked driver
fix: a.tagName.toUpperCase is not a function error if a form with an input element named tagName
Update Ruby BiDi script structs to match spec (as of 2024-07-08)
[java] remove unused code from ErrorHandler
Cleaned up Py doc sphinx warnings/errors and added README
Deps: bumps ws version which patches a security vulnerability
[java] increasing of properties scope for better appium compatibility
fix(deps): update rust crate reqwest to v0.12.7
Fix typing in remote webdriver
chore(deps): update dependency @testing-library/jest-dom to v6.4.8
fix(deps): update dependency @apollo/client to v3.11.4
[java] case insensitive header names in http requests
[rb] implement navigation commands with BiDi
Add clickDialogButton methods for FedCM
Fix FedCM command definition
[dotnet] implement WebDriver BiDi with WebDriverBiDi dependency
chore(deps): update dependency eslint-plugin-n to v17.10.2
chore(deps): update dependency esbuild to v0.23.1
Update dependency Sphinx to v1.8.6 - abandoned
Property screenshot.path: /Users/testvagrant/Zones/target/maven-archiver/Screenshots
Screenshot saved to: /Users/testvagrant/Zones/target/maven-archiver/Screenshots/page_2.png
Pull request titles on page 3:
really drop python<=3.7 support
[java] remove guava from client bindings #12737
fix: For security purposes, remove the output of Capabilities information from the logs.
[py] Format the code using black
[grid] Support Grid custom capability mutators
[dotnet] Added function for sending multiple DevTools command
Copyright dotnet
POC: Porting Classic commands to BiDi in JS
[dotnet] Make some classes in internal folder as really to be internal
[py] implement configurable configuration class for the http client
update proxyType values to match w3c spec
[java] POC: Porting WebDriver classic command to BiDi
[bot] Determine more reliably if node has shadow DOM
[dotnet] remove non-w3c compliant capability code
Create Client config class for http client values
[rb] implement downloading grid with Selenium Manager
[rb][bidi] network module events
[rb][BiDi] Add Script module commands and types
[wip][py] Expose browser specific functionalities for remote webdrivers
Property screenshot.path: /Users/testvagrant/Zones/target/maven-archiver/Screenshots
Screenshot saved to: /Users/testvagrant/Zones/target/maven-archiver/Screenshots/page_3.png
No more pages to navigate.
]]></system-out>
  </testcase>
</testsuite>